[2024-04-06 21:22:31,811] {taskinstance.py:1032} INFO - Dependencies all met for <TaskInstance: data_ingestion_gcs_dag.download_dataset_task manual__2024-04-06T21:22:18.044259+00:00 [queued]>
[2024-04-06 21:22:31,877] {taskinstance.py:1032} INFO - Dependencies all met for <TaskInstance: data_ingestion_gcs_dag.download_dataset_task manual__2024-04-06T21:22:18.044259+00:00 [queued]>
[2024-04-06 21:22:31,879] {taskinstance.py:1238} INFO - 
--------------------------------------------------------------------------------
[2024-04-06 21:22:31,886] {taskinstance.py:1239} INFO - Starting attempt 1 of 2
[2024-04-06 21:22:31,892] {taskinstance.py:1240} INFO - 
--------------------------------------------------------------------------------
[2024-04-06 21:22:31,962] {taskinstance.py:1259} INFO - Executing <Task(BashOperator): download_dataset_task> on 2024-04-06 21:22:18.044259+00:00
[2024-04-06 21:22:31,988] {standard_task_runner.py:52} INFO - Started process 144 to run task
[2024-04-06 21:22:31,996] {standard_task_runner.py:76} INFO - Running: ['***', 'tasks', 'run', 'data_ingestion_gcs_dag', 'download_dataset_task', 'manual__2024-04-06T21:22:18.044259+00:00', '--job-id', '15', '--raw', '--subdir', 'DAGS_FOLDER/file_upload_gcs.py', '--cfg-path', '/tmp/tmpi7kgjk68', '--error-file', '/tmp/tmpdbhrf_qn']
[2024-04-06 21:22:32,024] {standard_task_runner.py:77} INFO - Job 15: Subtask download_dataset_task
[2024-04-06 21:22:32,343] {logging_mixin.py:109} INFO - Running <TaskInstance: data_ingestion_gcs_dag.download_dataset_task manual__2024-04-06T21:22:18.044259+00:00 [running]> on host dc3f46481376
[2024-04-06 21:22:32,633] {taskinstance.py:1426} INFO - Exporting the following env vars:
AIRFLOW_CTX_DAG_OWNER=***
AIRFLOW_CTX_DAG_ID=data_ingestion_gcs_dag
AIRFLOW_CTX_TASK_ID=download_dataset_task
AIRFLOW_CTX_EXECUTION_DATE=2024-04-06T21:22:18.044259+00:00
AIRFLOW_CTX_DAG_RUN_ID=manual__2024-04-06T21:22:18.044259+00:00
[2024-04-06 21:22:32,644] {subprocess.py:62} INFO - Tmp dir root location: 
 /tmp
[2024-04-06 21:22:32,652] {subprocess.py:74} INFO - Running command: ['bash', '-c', 'curl -sSL https://d37ci6vzurychx.cloudfront.net/trip-data/yellow_tripdata_2024-01.parquet > /opt/***/yellow_tripdata_2024-01.parquet']
[2024-04-06 21:22:32,726] {subprocess.py:85} INFO - Output:
[2024-04-06 21:22:43,968] {subprocess.py:93} INFO - Command exited with return code 0
[2024-04-06 21:22:44,129] {taskinstance.py:1277} INFO - Marking task as SUCCESS. dag_id=data_ingestion_gcs_dag, task_id=download_dataset_task, execution_date=20240406T212218, start_date=20240406T212231, end_date=20240406T212244
[2024-04-06 21:22:44,233] {local_task_job.py:154} INFO - Task exited with return code 0
[2024-04-06 21:22:44,462] {local_task_job.py:264} INFO - 1 downstream tasks scheduled from follow-on schedule check
