[2024-04-06 21:02:16,848] {taskinstance.py:1032} INFO - Dependencies all met for <TaskInstance: data_ingestion_gcs_dag.download_dataset_task manual__2024-04-06T20:56:18.672717+00:00 [queued]>
[2024-04-06 21:02:16,911] {taskinstance.py:1032} INFO - Dependencies all met for <TaskInstance: data_ingestion_gcs_dag.download_dataset_task manual__2024-04-06T20:56:18.672717+00:00 [queued]>
[2024-04-06 21:02:16,920] {taskinstance.py:1238} INFO - 
--------------------------------------------------------------------------------
[2024-04-06 21:02:16,924] {taskinstance.py:1239} INFO - Starting attempt 1 of 2
[2024-04-06 21:02:16,928] {taskinstance.py:1240} INFO - 
--------------------------------------------------------------------------------
[2024-04-06 21:02:16,966] {taskinstance.py:1259} INFO - Executing <Task(BashOperator): download_dataset_task> on 2024-04-06 20:56:18.672717+00:00
[2024-04-06 21:02:16,984] {standard_task_runner.py:52} INFO - Started process 10160 to run task
[2024-04-06 21:02:17,005] {standard_task_runner.py:76} INFO - Running: ['***', 'tasks', 'run', 'data_ingestion_gcs_dag', 'download_dataset_task', 'manual__2024-04-06T20:56:18.672717+00:00', '--job-id', '6', '--raw', '--subdir', 'DAGS_FOLDER/file_upload_gcs.py', '--cfg-path', '/tmp/tmp6p5jr9mp', '--error-file', '/tmp/tmp2bpig81v']
[2024-04-06 21:02:17,013] {standard_task_runner.py:77} INFO - Job 6: Subtask download_dataset_task
[2024-04-06 21:02:17,187] {logging_mixin.py:109} INFO - Running <TaskInstance: data_ingestion_gcs_dag.download_dataset_task manual__2024-04-06T20:56:18.672717+00:00 [running]> on host dd74f47d4afe
[2024-04-06 21:02:17,348] {taskinstance.py:1426} INFO - Exporting the following env vars:
AIRFLOW_CTX_DAG_OWNER=***
AIRFLOW_CTX_DAG_ID=data_ingestion_gcs_dag
AIRFLOW_CTX_TASK_ID=download_dataset_task
AIRFLOW_CTX_EXECUTION_DATE=2024-04-06T20:56:18.672717+00:00
AIRFLOW_CTX_DAG_RUN_ID=manual__2024-04-06T20:56:18.672717+00:00
[2024-04-06 21:02:17,375] {subprocess.py:62} INFO - Tmp dir root location: 
 /tmp
[2024-04-06 21:02:17,383] {subprocess.py:74} INFO - Running command: ['bash', '-c', 'curl -sSL https://d37ci6vzurychx.cloudfront.net/trip-data/yellow_tripdata_2024-01.parquet > /opt/***/yellow_tripdata_2024-01.parquet']
[2024-04-06 21:02:17,442] {subprocess.py:85} INFO - Output:
[2024-04-06 21:02:28,810] {subprocess.py:93} INFO - Command exited with return code 0
[2024-04-06 21:02:28,941] {taskinstance.py:1277} INFO - Marking task as SUCCESS. dag_id=data_ingestion_gcs_dag, task_id=download_dataset_task, execution_date=20240406T205618, start_date=20240406T210216, end_date=20240406T210228
[2024-04-06 21:02:29,035] {local_task_job.py:154} INFO - Task exited with return code 0
[2024-04-06 21:02:29,270] {local_task_job.py:264} INFO - 1 downstream tasks scheduled from follow-on schedule check
