[2024-04-06 21:22:50,963] {taskinstance.py:1032} INFO - Dependencies all met for <TaskInstance: data_ingestion_gcs_dag.local_to_gcs_task manual__2024-04-06T21:22:18.044259+00:00 [queued]>
[2024-04-06 21:22:50,987] {taskinstance.py:1032} INFO - Dependencies all met for <TaskInstance: data_ingestion_gcs_dag.local_to_gcs_task manual__2024-04-06T21:22:18.044259+00:00 [queued]>
[2024-04-06 21:22:50,989] {taskinstance.py:1238} INFO - 
--------------------------------------------------------------------------------
[2024-04-06 21:22:50,990] {taskinstance.py:1239} INFO - Starting attempt 1 of 2
[2024-04-06 21:22:50,991] {taskinstance.py:1240} INFO - 
--------------------------------------------------------------------------------
[2024-04-06 21:22:51,018] {taskinstance.py:1259} INFO - Executing <Task(PythonOperator): local_to_gcs_task> on 2024-04-06 21:22:18.044259+00:00
[2024-04-06 21:22:51,027] {standard_task_runner.py:52} INFO - Started process 160 to run task
[2024-04-06 21:22:51,033] {standard_task_runner.py:76} INFO - Running: ['***', 'tasks', 'run', 'data_ingestion_gcs_dag', 'local_to_gcs_task', 'manual__2024-04-06T21:22:18.044259+00:00', '--job-id', '16', '--raw', '--subdir', 'DAGS_FOLDER/file_upload_gcs.py', '--cfg-path', '/tmp/tmpiq9obnk0', '--error-file', '/tmp/tmp0e0thndz']
[2024-04-06 21:22:51,042] {standard_task_runner.py:77} INFO - Job 16: Subtask local_to_gcs_task
[2024-04-06 21:22:51,133] {logging_mixin.py:109} INFO - Running <TaskInstance: data_ingestion_gcs_dag.local_to_gcs_task manual__2024-04-06T21:22:18.044259+00:00 [running]> on host dc3f46481376
[2024-04-06 21:22:51,221] {taskinstance.py:1426} INFO - Exporting the following env vars:
AIRFLOW_CTX_DAG_OWNER=***
AIRFLOW_CTX_DAG_ID=data_ingestion_gcs_dag
AIRFLOW_CTX_TASK_ID=local_to_gcs_task
AIRFLOW_CTX_EXECUTION_DATE=2024-04-06T21:22:18.044259+00:00
AIRFLOW_CTX_DAG_RUN_ID=manual__2024-04-06T21:22:18.044259+00:00
[2024-04-06 21:23:07,208] {python.py:175} INFO - Done. Returned value was: None
[2024-04-06 21:23:07,238] {taskinstance.py:1277} INFO - Marking task as SUCCESS. dag_id=data_ingestion_gcs_dag, task_id=local_to_gcs_task, execution_date=20240406T212218, start_date=20240406T212250, end_date=20240406T212307
[2024-04-06 21:23:07,293] {local_task_job.py:154} INFO - Task exited with return code 0
[2024-04-06 21:23:07,384] {local_task_job.py:264} INFO - 1 downstream tasks scheduled from follow-on schedule check
