[2024-04-07 15:19:39,903] {taskinstance.py:1032} INFO - Dependencies all met for <TaskInstance: data_ingestion_gcs_dag.download_dataset_task manual__2024-04-07T15:19:37.383908+00:00 [queued]>
[2024-04-07 15:19:39,920] {taskinstance.py:1032} INFO - Dependencies all met for <TaskInstance: data_ingestion_gcs_dag.download_dataset_task manual__2024-04-07T15:19:37.383908+00:00 [queued]>
[2024-04-07 15:19:39,922] {taskinstance.py:1238} INFO - 
--------------------------------------------------------------------------------
[2024-04-07 15:19:39,923] {taskinstance.py:1239} INFO - Starting attempt 1 of 2
[2024-04-07 15:19:39,924] {taskinstance.py:1240} INFO - 
--------------------------------------------------------------------------------
[2024-04-07 15:19:39,940] {taskinstance.py:1259} INFO - Executing <Task(BashOperator): download_dataset_task> on 2024-04-07 15:19:37.383908+00:00
[2024-04-07 15:19:39,947] {standard_task_runner.py:52} INFO - Started process 542 to run task
[2024-04-07 15:19:39,953] {standard_task_runner.py:76} INFO - Running: ['***', 'tasks', 'run', 'data_ingestion_gcs_dag', 'download_dataset_task', 'manual__2024-04-07T15:19:37.383908+00:00', '--job-id', '23', '--raw', '--subdir', 'DAGS_FOLDER/file_upload_gcs.py', '--cfg-path', '/tmp/tmpw3cwr0i8', '--error-file', '/tmp/tmp5_ji7kgx']
[2024-04-07 15:19:39,960] {standard_task_runner.py:77} INFO - Job 23: Subtask download_dataset_task
[2024-04-07 15:19:40,045] {logging_mixin.py:109} INFO - Running <TaskInstance: data_ingestion_gcs_dag.download_dataset_task manual__2024-04-07T15:19:37.383908+00:00 [running]> on host dc3f46481376
[2024-04-07 15:19:40,132] {taskinstance.py:1426} INFO - Exporting the following env vars:
AIRFLOW_CTX_DAG_OWNER=***
AIRFLOW_CTX_DAG_ID=data_ingestion_gcs_dag
AIRFLOW_CTX_TASK_ID=download_dataset_task
AIRFLOW_CTX_EXECUTION_DATE=2024-04-07T15:19:37.383908+00:00
AIRFLOW_CTX_DAG_RUN_ID=manual__2024-04-07T15:19:37.383908+00:00
[2024-04-07 15:19:40,138] {subprocess.py:62} INFO - Tmp dir root location: 
 /tmp
[2024-04-07 15:19:40,139] {subprocess.py:74} INFO - Running command: ['bash', '-c', 'curl -sSL https://d37ci6vzurychx.cloudfront.net/trip-data/yellow_tripdata_2024-01.parquet > /opt/***/yellow_tripdata_2024-01.parquet']
[2024-04-07 15:19:40,156] {subprocess.py:85} INFO - Output:
[2024-04-07 15:19:51,668] {subprocess.py:93} INFO - Command exited with return code 0
[2024-04-07 15:19:51,742] {taskinstance.py:1277} INFO - Marking task as SUCCESS. dag_id=data_ingestion_gcs_dag, task_id=download_dataset_task, execution_date=20240407T151937, start_date=20240407T151939, end_date=20240407T151951
[2024-04-07 15:19:51,872] {local_task_job.py:154} INFO - Task exited with return code 0
[2024-04-07 15:19:51,953] {local_task_job.py:264} INFO - 1 downstream tasks scheduled from follow-on schedule check
