[2024-04-07 15:08:37,643] {taskinstance.py:1032} INFO - Dependencies all met for <TaskInstance: data_ingestion_gcs_dag.download_dataset_task scheduled__2024-04-06T00:00:00+00:00 [queued]>
[2024-04-07 15:08:37,682] {taskinstance.py:1032} INFO - Dependencies all met for <TaskInstance: data_ingestion_gcs_dag.download_dataset_task scheduled__2024-04-06T00:00:00+00:00 [queued]>
[2024-04-07 15:08:37,684] {taskinstance.py:1238} INFO - 
--------------------------------------------------------------------------------
[2024-04-07 15:08:37,685] {taskinstance.py:1239} INFO - Starting attempt 1 of 2
[2024-04-07 15:08:37,688] {taskinstance.py:1240} INFO - 
--------------------------------------------------------------------------------
[2024-04-07 15:08:37,736] {taskinstance.py:1259} INFO - Executing <Task(BashOperator): download_dataset_task> on 2024-04-06 00:00:00+00:00
[2024-04-07 15:08:37,755] {standard_task_runner.py:52} INFO - Started process 96 to run task
[2024-04-07 15:08:37,769] {standard_task_runner.py:76} INFO - Running: ['***', 'tasks', 'run', 'data_ingestion_gcs_dag', 'download_dataset_task', 'scheduled__2024-04-06T00:00:00+00:00', '--job-id', '20', '--raw', '--subdir', 'DAGS_FOLDER/file_upload_gcs.py', '--cfg-path', '/tmp/tmpsrb0l539', '--error-file', '/tmp/tmptvyxe3y7']
[2024-04-07 15:08:37,789] {standard_task_runner.py:77} INFO - Job 20: Subtask download_dataset_task
[2024-04-07 15:08:37,926] {logging_mixin.py:109} INFO - Running <TaskInstance: data_ingestion_gcs_dag.download_dataset_task scheduled__2024-04-06T00:00:00+00:00 [running]> on host dc3f46481376
[2024-04-07 15:08:38,092] {taskinstance.py:1426} INFO - Exporting the following env vars:
AIRFLOW_CTX_DAG_OWNER=***
AIRFLOW_CTX_DAG_ID=data_ingestion_gcs_dag
AIRFLOW_CTX_TASK_ID=download_dataset_task
AIRFLOW_CTX_EXECUTION_DATE=2024-04-06T00:00:00+00:00
AIRFLOW_CTX_DAG_RUN_ID=scheduled__2024-04-06T00:00:00+00:00
[2024-04-07 15:08:38,105] {subprocess.py:62} INFO - Tmp dir root location: 
 /tmp
[2024-04-07 15:08:38,108] {subprocess.py:74} INFO - Running command: ['bash', '-c', 'curl -sSL https://d37ci6vzurychx.cloudfront.net/trip-data/yellow_tripdata_2024-01.parquet > /opt/***/yellow_tripdata_2024-01.parquet']
[2024-04-07 15:08:38,162] {subprocess.py:85} INFO - Output:
[2024-04-07 15:08:58,930] {subprocess.py:93} INFO - Command exited with return code 0
[2024-04-07 15:08:59,086] {taskinstance.py:1277} INFO - Marking task as SUCCESS. dag_id=data_ingestion_gcs_dag, task_id=download_dataset_task, execution_date=20240406T000000, start_date=20240407T150837, end_date=20240407T150859
[2024-04-07 15:08:59,166] {local_task_job.py:154} INFO - Task exited with return code 0
[2024-04-07 15:08:59,379] {local_task_job.py:264} INFO - 1 downstream tasks scheduled from follow-on schedule check
