[2024-04-06 20:56:25,097] {taskinstance.py:1032} INFO - Dependencies all met for <TaskInstance: data_ingestion_gcs_dag.download_dataset_task scheduled__2024-04-05T00:00:00+00:00 [queued]>
[2024-04-06 20:56:25,113] {taskinstance.py:1032} INFO - Dependencies all met for <TaskInstance: data_ingestion_gcs_dag.download_dataset_task scheduled__2024-04-05T00:00:00+00:00 [queued]>
[2024-04-06 20:56:25,115] {taskinstance.py:1238} INFO - 
--------------------------------------------------------------------------------
[2024-04-06 20:56:25,117] {taskinstance.py:1239} INFO - Starting attempt 1 of 2
[2024-04-06 20:56:25,117] {taskinstance.py:1240} INFO - 
--------------------------------------------------------------------------------
[2024-04-06 20:56:25,133] {taskinstance.py:1259} INFO - Executing <Task(BashOperator): download_dataset_task> on 2024-04-05 00:00:00+00:00
[2024-04-06 20:56:25,141] {standard_task_runner.py:52} INFO - Started process 9966 to run task
[2024-04-06 20:56:25,147] {standard_task_runner.py:76} INFO - Running: ['***', 'tasks', 'run', 'data_ingestion_gcs_dag', 'download_dataset_task', 'scheduled__2024-04-05T00:00:00+00:00', '--job-id', '2', '--raw', '--subdir', 'DAGS_FOLDER/file_upload_gcs.py', '--cfg-path', '/tmp/tmpl9ulv1pa', '--error-file', '/tmp/tmpl5e12nq4']
[2024-04-06 20:56:25,154] {standard_task_runner.py:77} INFO - Job 2: Subtask download_dataset_task
[2024-04-06 20:56:25,249] {logging_mixin.py:109} INFO - Running <TaskInstance: data_ingestion_gcs_dag.download_dataset_task scheduled__2024-04-05T00:00:00+00:00 [running]> on host dd74f47d4afe
[2024-04-06 20:56:25,315] {taskinstance.py:1426} INFO - Exporting the following env vars:
AIRFLOW_CTX_DAG_OWNER=***
AIRFLOW_CTX_DAG_ID=data_ingestion_gcs_dag
AIRFLOW_CTX_TASK_ID=download_dataset_task
AIRFLOW_CTX_EXECUTION_DATE=2024-04-05T00:00:00+00:00
AIRFLOW_CTX_DAG_RUN_ID=scheduled__2024-04-05T00:00:00+00:00
[2024-04-06 20:56:25,319] {subprocess.py:62} INFO - Tmp dir root location: 
 /tmp
[2024-04-06 20:56:25,321] {subprocess.py:74} INFO - Running command: ['bash', '-c', 'curl -sSL https://d37ci6vzurychx.cloudfront.net/trip-data/yellow_tripdata_2024-01.parquet > /opt/***/yellow_tripdata_2024-01.parquet']
[2024-04-06 20:56:25,334] {subprocess.py:85} INFO - Output:
[2024-04-06 20:56:36,102] {subprocess.py:93} INFO - Command exited with return code 0
[2024-04-06 20:56:36,202] {taskinstance.py:1277} INFO - Marking task as SUCCESS. dag_id=data_ingestion_gcs_dag, task_id=download_dataset_task, execution_date=20240405T000000, start_date=20240406T205625, end_date=20240406T205636
[2024-04-06 20:56:36,298] {local_task_job.py:154} INFO - Task exited with return code 0
[2024-04-06 20:56:36,619] {local_task_job.py:264} INFO - 1 downstream tasks scheduled from follow-on schedule check
