[2024-04-07 15:19:53,811] {taskinstance.py:1032} INFO - Dependencies all met for <TaskInstance: data_ingestion_gcs_dag.local_to_gcs_task manual__2024-04-07T15:19:37.383908+00:00 [queued]>
[2024-04-07 15:19:53,848] {taskinstance.py:1032} INFO - Dependencies all met for <TaskInstance: data_ingestion_gcs_dag.local_to_gcs_task manual__2024-04-07T15:19:37.383908+00:00 [queued]>
[2024-04-07 15:19:53,850] {taskinstance.py:1238} INFO - 
--------------------------------------------------------------------------------
[2024-04-07 15:19:53,851] {taskinstance.py:1239} INFO - Starting attempt 1 of 2
[2024-04-07 15:19:53,852] {taskinstance.py:1240} INFO - 
--------------------------------------------------------------------------------
[2024-04-07 15:19:53,881] {taskinstance.py:1259} INFO - Executing <Task(PythonOperator): local_to_gcs_task> on 2024-04-07 15:19:37.383908+00:00
[2024-04-07 15:19:53,900] {standard_task_runner.py:76} INFO - Running: ['***', 'tasks', 'run', 'data_ingestion_gcs_dag', 'local_to_gcs_task', 'manual__2024-04-07T15:19:37.383908+00:00', '--job-id', '24', '--raw', '--subdir', 'DAGS_FOLDER/file_upload_gcs.py', '--cfg-path', '/tmp/tmpr5q0atj3', '--error-file', '/tmp/tmp4j4jp6_7']
[2024-04-07 15:19:53,894] {standard_task_runner.py:52} INFO - Started process 558 to run task
[2024-04-07 15:19:53,908] {standard_task_runner.py:77} INFO - Job 24: Subtask local_to_gcs_task
[2024-04-07 15:19:54,036] {logging_mixin.py:109} INFO - Running <TaskInstance: data_ingestion_gcs_dag.local_to_gcs_task manual__2024-04-07T15:19:37.383908+00:00 [running]> on host dc3f46481376
[2024-04-07 15:19:54,185] {taskinstance.py:1426} INFO - Exporting the following env vars:
AIRFLOW_CTX_DAG_OWNER=***
AIRFLOW_CTX_DAG_ID=data_ingestion_gcs_dag
AIRFLOW_CTX_TASK_ID=local_to_gcs_task
AIRFLOW_CTX_EXECUTION_DATE=2024-04-07T15:19:37.383908+00:00
AIRFLOW_CTX_DAG_RUN_ID=manual__2024-04-07T15:19:37.383908+00:00
[2024-04-07 15:20:10,420] {python.py:175} INFO - Done. Returned value was: None
[2024-04-07 15:20:10,548] {taskinstance.py:1277} INFO - Marking task as SUCCESS. dag_id=data_ingestion_gcs_dag, task_id=local_to_gcs_task, execution_date=20240407T151937, start_date=20240407T151953, end_date=20240407T152010
[2024-04-07 15:20:10,696] {local_task_job.py:154} INFO - Task exited with return code 0
[2024-04-07 15:20:11,070] {local_task_job.py:264} INFO - 0 downstream tasks scheduled from follow-on schedule check
