[2024-04-07 15:20:16,813] {taskinstance.py:1032} INFO - Dependencies all met for <TaskInstance: data_ingestion_gcs_dag.bigquery_external_table_task manual__2024-04-07T15:19:37.383908+00:00 [queued]>
[2024-04-07 15:20:16,857] {taskinstance.py:1032} INFO - Dependencies all met for <TaskInstance: data_ingestion_gcs_dag.bigquery_external_table_task manual__2024-04-07T15:19:37.383908+00:00 [queued]>
[2024-04-07 15:20:16,862] {taskinstance.py:1238} INFO - 
--------------------------------------------------------------------------------
[2024-04-07 15:20:16,864] {taskinstance.py:1239} INFO - Starting attempt 1 of 2
[2024-04-07 15:20:16,865] {taskinstance.py:1240} INFO - 
--------------------------------------------------------------------------------
[2024-04-07 15:20:16,914] {taskinstance.py:1259} INFO - Executing <Task(BigQueryCreateExternalTableOperator): bigquery_external_table_task> on 2024-04-07 15:19:37.383908+00:00
[2024-04-07 15:20:16,936] {standard_task_runner.py:52} INFO - Started process 571 to run task
[2024-04-07 15:20:16,952] {standard_task_runner.py:76} INFO - Running: ['***', 'tasks', 'run', 'data_ingestion_gcs_dag', 'bigquery_external_table_task', 'manual__2024-04-07T15:19:37.383908+00:00', '--job-id', '25', '--raw', '--subdir', 'DAGS_FOLDER/file_upload_gcs.py', '--cfg-path', '/tmp/tmp0apla1d5', '--error-file', '/tmp/tmp6ws_xbwr']
[2024-04-07 15:20:16,964] {standard_task_runner.py:77} INFO - Job 25: Subtask bigquery_external_table_task
[2024-04-07 15:20:17,331] {logging_mixin.py:109} INFO - Running <TaskInstance: data_ingestion_gcs_dag.bigquery_external_table_task manual__2024-04-07T15:19:37.383908+00:00 [running]> on host dc3f46481376
[2024-04-07 15:20:17,834] {taskinstance.py:1426} INFO - Exporting the following env vars:
AIRFLOW_CTX_DAG_OWNER=***
AIRFLOW_CTX_DAG_ID=data_ingestion_gcs_dag
AIRFLOW_CTX_TASK_ID=bigquery_external_table_task
AIRFLOW_CTX_EXECUTION_DATE=2024-04-07T15:19:37.383908+00:00
AIRFLOW_CTX_DAG_RUN_ID=manual__2024-04-07T15:19:37.383908+00:00
[2024-04-07 15:20:17,856] {crypto.py:82} WARNING - empty cryptography key - values will not be stored encrypted.
[2024-04-07 15:20:19,652] {taskinstance.py:1277} INFO - Marking task as SUCCESS. dag_id=data_ingestion_gcs_dag, task_id=bigquery_external_table_task, execution_date=20240407T151937, start_date=20240407T152016, end_date=20240407T152019
[2024-04-07 15:20:19,743] {local_task_job.py:154} INFO - Task exited with return code 0
[2024-04-07 15:20:19,857] {local_task_job.py:264} INFO - 0 downstream tasks scheduled from follow-on schedule check
