[2024-04-07 15:09:26,924] {taskinstance.py:1032} INFO - Dependencies all met for <TaskInstance: data_ingestion_gcs_dag.bigquery_external_table_task scheduled__2024-04-06T00:00:00+00:00 [queued]>
[2024-04-07 15:09:26,939] {taskinstance.py:1032} INFO - Dependencies all met for <TaskInstance: data_ingestion_gcs_dag.bigquery_external_table_task scheduled__2024-04-06T00:00:00+00:00 [queued]>
[2024-04-07 15:09:26,941] {taskinstance.py:1238} INFO - 
--------------------------------------------------------------------------------
[2024-04-07 15:09:26,942] {taskinstance.py:1239} INFO - Starting attempt 1 of 2
[2024-04-07 15:09:26,943] {taskinstance.py:1240} INFO - 
--------------------------------------------------------------------------------
[2024-04-07 15:09:26,962] {taskinstance.py:1259} INFO - Executing <Task(BigQueryCreateExternalTableOperator): bigquery_external_table_task> on 2024-04-06 00:00:00+00:00
[2024-04-07 15:09:26,976] {standard_task_runner.py:76} INFO - Running: ['***', 'tasks', 'run', 'data_ingestion_gcs_dag', 'bigquery_external_table_task', 'scheduled__2024-04-06T00:00:00+00:00', '--job-id', '22', '--raw', '--subdir', 'DAGS_FOLDER/file_upload_gcs.py', '--cfg-path', '/tmp/tmp4iqc1d1e', '--error-file', '/tmp/tmpiga3wuwt']
[2024-04-07 15:09:26,971] {standard_task_runner.py:52} INFO - Started process 125 to run task
[2024-04-07 15:09:26,981] {standard_task_runner.py:77} INFO - Job 22: Subtask bigquery_external_table_task
[2024-04-07 15:09:27,100] {logging_mixin.py:109} INFO - Running <TaskInstance: data_ingestion_gcs_dag.bigquery_external_table_task scheduled__2024-04-06T00:00:00+00:00 [running]> on host dc3f46481376
[2024-04-07 15:09:27,183] {taskinstance.py:1426} INFO - Exporting the following env vars:
AIRFLOW_CTX_DAG_OWNER=***
AIRFLOW_CTX_DAG_ID=data_ingestion_gcs_dag
AIRFLOW_CTX_TASK_ID=bigquery_external_table_task
AIRFLOW_CTX_EXECUTION_DATE=2024-04-06T00:00:00+00:00
AIRFLOW_CTX_DAG_RUN_ID=scheduled__2024-04-06T00:00:00+00:00
[2024-04-07 15:09:27,189] {crypto.py:82} WARNING - empty cryptography key - values will not be stored encrypted.
[2024-04-07 15:09:28,733] {taskinstance.py:1277} INFO - Marking task as SUCCESS. dag_id=data_ingestion_gcs_dag, task_id=bigquery_external_table_task, execution_date=20240406T000000, start_date=20240407T150926, end_date=20240407T150928
[2024-04-07 15:09:28,770] {local_task_job.py:154} INFO - Task exited with return code 0
[2024-04-07 15:09:28,857] {local_task_job.py:264} INFO - 0 downstream tasks scheduled from follow-on schedule check
