[2024-04-06 21:02:34,148] {taskinstance.py:1032} INFO - Dependencies all met for <TaskInstance: data_ingestion_gcs_dag.local_to_gcs_task manual__2024-04-06T20:56:18.672717+00:00 [queued]>
[2024-04-06 21:02:34,205] {taskinstance.py:1032} INFO - Dependencies all met for <TaskInstance: data_ingestion_gcs_dag.local_to_gcs_task manual__2024-04-06T20:56:18.672717+00:00 [queued]>
[2024-04-06 21:02:34,217] {taskinstance.py:1238} INFO - 
--------------------------------------------------------------------------------
[2024-04-06 21:02:34,221] {taskinstance.py:1239} INFO - Starting attempt 1 of 2
[2024-04-06 21:02:34,225] {taskinstance.py:1240} INFO - 
--------------------------------------------------------------------------------
[2024-04-06 21:02:34,280] {taskinstance.py:1259} INFO - Executing <Task(PythonOperator): local_to_gcs_task> on 2024-04-06 20:56:18.672717+00:00
[2024-04-06 21:02:34,343] {standard_task_runner.py:52} INFO - Started process 10176 to run task
[2024-04-06 21:02:34,370] {standard_task_runner.py:76} INFO - Running: ['***', 'tasks', 'run', 'data_ingestion_gcs_dag', 'local_to_gcs_task', 'manual__2024-04-06T20:56:18.672717+00:00', '--job-id', '7', '--raw', '--subdir', 'DAGS_FOLDER/file_upload_gcs.py', '--cfg-path', '/tmp/tmpu7kj7ugq', '--error-file', '/tmp/tmpuoab5q0i']
[2024-04-06 21:02:34,402] {standard_task_runner.py:77} INFO - Job 7: Subtask local_to_gcs_task
[2024-04-06 21:02:34,613] {logging_mixin.py:109} INFO - Running <TaskInstance: data_ingestion_gcs_dag.local_to_gcs_task manual__2024-04-06T20:56:18.672717+00:00 [running]> on host dd74f47d4afe
[2024-04-06 21:02:34,932] {taskinstance.py:1426} INFO - Exporting the following env vars:
AIRFLOW_CTX_DAG_OWNER=***
AIRFLOW_CTX_DAG_ID=data_ingestion_gcs_dag
AIRFLOW_CTX_TASK_ID=local_to_gcs_task
AIRFLOW_CTX_EXECUTION_DATE=2024-04-06T20:56:18.672717+00:00
AIRFLOW_CTX_DAG_RUN_ID=manual__2024-04-06T20:56:18.672717+00:00
[2024-04-06 21:02:52,311] {python.py:175} INFO - Done. Returned value was: None
[2024-04-06 21:02:52,641] {taskinstance.py:1277} INFO - Marking task as SUCCESS. dag_id=data_ingestion_gcs_dag, task_id=local_to_gcs_task, execution_date=20240406T205618, start_date=20240406T210234, end_date=20240406T210252
[2024-04-06 21:02:52,929] {local_task_job.py:154} INFO - Task exited with return code 0
[2024-04-06 21:02:53,223] {local_task_job.py:264} INFO - 1 downstream tasks scheduled from follow-on schedule check
